0 info it worked if it ends with ok
1 verbose cli [ '/usr/local/bin/node', '/usr/local/bin/npm', '-l', 'start' ]
2 info using npm@3.8.3
3 info using node@v4.1.2
4 verbose run-script [ 'prestart', 'start', 'poststart' ]
5 info lifecycle FlatDescriptor@1.0.0~prestart: FlatDescriptor@1.0.0
6 silly lifecycle FlatDescriptor@1.0.0~prestart: no script for prestart, continuing
7 info lifecycle FlatDescriptor@1.0.0~start: FlatDescriptor@1.0.0
8 verbose lifecycle FlatDescriptor@1.0.0~start: unsafe-perm in lifecycle true
9 verbose lifecycle FlatDescriptor@1.0.0~start: PATH: /usr/local/lib/node_modules/npm/bin/node-gyp-bin:/Users/cyrildupont/Desktop/FlatDescriptor/serveur_node/node_modules/.bin:/usr/local/bin:/usr/local/bin:/usr/bin:/bin:/usr/sbin:/sbin:/opt/X11/bin:/usr/local/MacGPG2/bin
10 verbose lifecycle FlatDescriptor@1.0.0~start: CWD: /Users/cyrildupont/Desktop/FlatDescriptor/serveur_node
11 silly lifecycle FlatDescriptor@1.0.0~start: Args: [ '-c', 'node ./serveurNodeJS.js' ]
12 silly lifecycle FlatDescriptor@1.0.0~start: Returned: code: 1  signal: null
13 info lifecycle FlatDescriptor@1.0.0~start: Failed to exec start script
14 verbose stack Error: FlatDescriptor@1.0.0 start: `node ./serveurNodeJS.js`
14 verbose stack Exit status 1
14 verbose stack     at EventEmitter.<anonymous> (/usr/local/lib/node_modules/npm/lib/utils/lifecycle.js:239:16)
14 verbose stack     at emitTwo (events.js:87:13)
14 verbose stack     at EventEmitter.emit (events.js:172:7)
14 verbose stack     at ChildProcess.<anonymous> (/usr/local/lib/node_modules/npm/lib/utils/spawn.js:24:14)
14 verbose stack     at emitTwo (events.js:87:13)
14 verbose stack     at ChildProcess.emit (events.js:172:7)
14 verbose stack     at maybeClose (internal/child_process.js:818:16)
14 verbose stack     at Process.ChildProcess._handle.onexit (internal/child_process.js:211:5)
15 verbose pkgid FlatDescriptor@1.0.0
16 verbose cwd /Users/cyrildupont/Desktop/FlatDescriptor/serveur_node
17 error Darwin 15.4.0
18 error argv "/usr/local/bin/node" "/usr/local/bin/npm" "-l" "start"
19 error node v4.1.2
20 error npm  v3.8.3
21 error code ELIFECYCLE
22 error FlatDescriptor@1.0.0 start: `node ./serveurNodeJS.js`
22 error Exit status 1
23 error Failed at the FlatDescriptor@1.0.0 start script 'node ./serveurNodeJS.js'.
23 error Make sure you have the latest version of node.js and npm installed.
23 error If you do, this is most likely a problem with the FlatDescriptor package,
23 error not with npm itself.
23 error Tell the author that this fails on your system:
23 error     node ./serveurNodeJS.js
23 error You can get information on how to open an issue for this project with:
23 error     npm bugs FlatDescriptor
23 error Or if that isn't available, you can get their info via:
23 error     npm owner ls FlatDescriptor
23 error There is likely additional logging output above.
24 verbose exit [ 1, true ]
